06.23.2020 10:47:57.774,[1] Sauron-3.0.3-SNAPSHOT INFO Runtime Report : E:\TrelloCucumber\test-output\RuntimeReporter\index.html
06.23.2020 10:47:58.208,[1] Sauron-3.0.3-SNAPSHOT INFO JDK Information: Java HotSpot(TM) 64-Bit Server VM from Oracle Corporation ver. 1.8.0_241
06.23.2020 10:47:58.265,[1] Sauron-3.0.3-SNAPSHOT FINE Parallel suite execution. Updating Sauron local config for Test, TrelloCucumber
06.23.2020 10:47:58.330,[1] Sauron-3.0.3-SNAPSHOT INFO Test method level @WebTest, @MobileTest or @SauronTest missing, skipping session creation.
06.23.2020 10:47:58.870,[1] Sauron-3.0.3-SNAPSHOT INFO Creating new session...
06.23.2020 10:48:44.716,[1] Sauron-3.0.3-SNAPSHOT INFO Closing the session : default
06.23.2020 10:48:44.734,[1] Sauron-3.0.3-SNAPSHOT INFO Creating new session...
06.23.2020 10:48:45.578,[1] Sauron-3.0.3-SNAPSHOT INFO Closing the session : default
06.23.2020 11:00:31.204,[1] Sauron-3.0.3-SNAPSHOT INFO Runtime Report : E:\TrelloCucumber\test-output\RuntimeReporter\index.html
06.23.2020 11:00:31.418,[1] Sauron-3.0.3-SNAPSHOT INFO JDK Information: Java HotSpot(TM) 64-Bit Server VM from Oracle Corporation ver. 1.8.0_241
06.23.2020 11:00:31.432,[1] Sauron-3.0.3-SNAPSHOT FINE Parallel suite execution. Updating Sauron local config for Test, TrelloCucumber
06.23.2020 11:00:31.488,[1] Sauron-3.0.3-SNAPSHOT INFO Test method level @WebTest, @MobileTest or @SauronTest missing, skipping session creation.
06.23.2020 11:00:32.165,[1] Sauron-3.0.3-SNAPSHOT INFO Creating new session...
06.23.2020 11:00:52.416,[1] Sauron-3.0.3-SNAPSHOT INFO Closing the session : default
06.23.2020 11:00:52.429,[1] Sauron-3.0.3-SNAPSHOT INFO Creating new session...
06.23.2020 11:00:52.465,[1] Sauron-3.0.3-SNAPSHOT INFO Closing the session : default
06.23.2020 11:02:53.665,[1] Sauron-3.0.3-SNAPSHOT INFO Runtime Report : E:\TrelloCucumber\test-output\RuntimeReporter\index.html
06.23.2020 11:02:53.843,[1] Sauron-3.0.3-SNAPSHOT INFO JDK Information: Java HotSpot(TM) 64-Bit Server VM from Oracle Corporation ver. 1.8.0_241
06.23.2020 11:02:53.860,[1] Sauron-3.0.3-SNAPSHOT FINE Parallel suite execution. Updating Sauron local config for Test, TrelloCucumber
06.23.2020 11:02:53.936,[1] Sauron-3.0.3-SNAPSHOT INFO Test method level @WebTest, @MobileTest or @SauronTest missing, skipping session creation.
06.23.2020 11:02:54.708,[1] Sauron-3.0.3-SNAPSHOT INFO Creating new session...
06.23.2020 11:03:17.789,[1] Sauron-3.0.3-SNAPSHOT INFO Closing the session : default
06.23.2020 11:03:17.820,[1] Sauron-3.0.3-SNAPSHOT INFO Creating new session...
06.23.2020 11:03:17.836,[1] Sauron-3.0.3-SNAPSHOT INFO Closing the session : default
06.23.2020 11:13:22.572,[1] Sauron-3.0.3-SNAPSHOT INFO Runtime Report : E:\TrelloCucumber\test-output\RuntimeReporter\index.html
06.23.2020 11:13:22.831,[1] Sauron-3.0.3-SNAPSHOT INFO JDK Information: Java HotSpot(TM) 64-Bit Server VM from Oracle Corporation ver. 1.8.0_241
06.23.2020 11:13:22.848,[1] Sauron-3.0.3-SNAPSHOT FINE Parallel suite execution. Updating Sauron local config for Test, TrelloCucumber
06.23.2020 11:13:22.957,[1] Sauron-3.0.3-SNAPSHOT INFO Test method level @WebTest, @MobileTest or @SauronTest missing, skipping session creation.
06.23.2020 11:13:24.311,[1] Sauron-3.0.3-SNAPSHOT INFO Creating new session...
06.23.2020 11:13:46.382,[1] Sauron-3.0.3-SNAPSHOT INFO Closing the session : default
06.23.2020 11:13:46.396,[1] Sauron-3.0.3-SNAPSHOT INFO Creating new session...
06.23.2020 11:13:46.427,[1] Sauron-3.0.3-SNAPSHOT INFO Closing the session : default
06.23.2020 11:18:44.916,[1] Sauron-3.0.3-SNAPSHOT INFO Runtime Report : E:\TrelloCucumber\test-output\RuntimeReporter\index.html
06.23.2020 11:18:45.213,[1] Sauron-3.0.3-SNAPSHOT INFO JDK Information: Java HotSpot(TM) 64-Bit Server VM from Oracle Corporation ver. 1.8.0_241
06.23.2020 11:18:45.234,[1] Sauron-3.0.3-SNAPSHOT FINE Parallel suite execution. Updating Sauron local config for Test, TrelloCucumber
06.23.2020 11:18:45.316,[1] Sauron-3.0.3-SNAPSHOT INFO Test method level @WebTest, @MobileTest or @SauronTest missing, skipping session creation.
06.23.2020 11:18:46.229,[1] Sauron-3.0.3-SNAPSHOT INFO Creating new session...
06.23.2020 11:19:41.898,[1] Sauron-3.0.3-SNAPSHOT INFO Runtime Report : E:\TrelloCucumber\test-output\RuntimeReporter\index.html
06.23.2020 11:19:42.198,[1] Sauron-3.0.3-SNAPSHOT INFO JDK Information: Java HotSpot(TM) 64-Bit Server VM from Oracle Corporation ver. 1.8.0_241
06.23.2020 11:19:42.218,[1] Sauron-3.0.3-SNAPSHOT FINE Parallel suite execution. Updating Sauron local config for Test, TrelloCucumber
06.23.2020 11:19:42.302,[1] Sauron-3.0.3-SNAPSHOT INFO Test method level @WebTest, @MobileTest or @SauronTest missing, skipping session creation.
06.23.2020 11:19:43.232,[1] Sauron-3.0.3-SNAPSHOT INFO Creating new session...
06.23.2020 11:20:26.799,[1] Sauron-3.0.3-SNAPSHOT INFO Closing the session : default
06.23.2020 11:20:26.813,[1] Sauron-3.0.3-SNAPSHOT INFO Creating new session...
06.23.2020 11:20:26.836,[1] Sauron-3.0.3-SNAPSHOT INFO Closing the session : default
06.23.2020 11:22:16.500,[1] Sauron-3.0.3-SNAPSHOT INFO Runtime Report : E:\TrelloCucumber\test-output\RuntimeReporter\index.html
06.23.2020 11:22:16.817,[1] Sauron-3.0.3-SNAPSHOT INFO JDK Information: Java HotSpot(TM) 64-Bit Server VM from Oracle Corporation ver. 1.8.0_241
06.23.2020 11:22:16.841,[1] Sauron-3.0.3-SNAPSHOT FINE Parallel suite execution. Updating Sauron local config for Test, TrelloCucumber
06.23.2020 11:22:16.957,[1] Sauron-3.0.3-SNAPSHOT INFO Test method level @WebTest, @MobileTest or @SauronTest missing, skipping session creation.
06.23.2020 11:22:18.036,[1] Sauron-3.0.3-SNAPSHOT INFO Creating new session...
06.23.2020 11:22:42.019,[1] Sauron-3.0.3-SNAPSHOT INFO Closing the session : default
06.23.2020 11:22:42.041,[1] Sauron-3.0.3-SNAPSHOT INFO Creating new session...
06.23.2020 11:22:42.096,[1] Sauron-3.0.3-SNAPSHOT INFO Closing the session : default
06.23.2020 11:29:26.534,[1] Sauron-3.0.3-SNAPSHOT INFO Runtime Report : E:\TrelloCucumber\test-output\RuntimeReporter\index.html
06.23.2020 11:29:26.746,[1] Sauron-3.0.3-SNAPSHOT INFO JDK Information: Java HotSpot(TM) 64-Bit Server VM from Oracle Corporation ver. 1.8.0_241
06.23.2020 11:29:26.765,[1] Sauron-3.0.3-SNAPSHOT FINE Parallel suite execution. Updating Sauron local config for Test, TrelloCucumber
06.23.2020 11:29:26.869,[1] Sauron-3.0.3-SNAPSHOT INFO Test method level @WebTest, @MobileTest or @SauronTest missing, skipping session creation.
06.23.2020 11:29:27.734,[1] Sauron-3.0.3-SNAPSHOT INFO Creating new session...
06.23.2020 11:29:49.137,[1] Sauron-3.0.3-SNAPSHOT INFO Closing the session : default
06.23.2020 11:29:49.147,[1] Sauron-3.0.3-SNAPSHOT INFO Creating new session...
06.23.2020 11:29:49.168,[1] Sauron-3.0.3-SNAPSHOT INFO Closing the session : default
06.23.2020 11:36:10.446,[1] Sauron-3.0.3-SNAPSHOT INFO Runtime Report : E:\TrelloCucumber\test-output\RuntimeReporter\index.html
06.23.2020 11:36:10.697,[1] Sauron-3.0.3-SNAPSHOT INFO JDK Information: Java HotSpot(TM) 64-Bit Server VM from Oracle Corporation ver. 1.8.0_241
06.23.2020 11:36:10.716,[1] Sauron-3.0.3-SNAPSHOT FINE Parallel suite execution. Updating Sauron local config for Test, TrelloCucumber
06.23.2020 11:36:10.822,[1] Sauron-3.0.3-SNAPSHOT INFO Test method level @WebTest, @MobileTest or @SauronTest missing, skipping session creation.
06.23.2020 11:36:11.669,[1] Sauron-3.0.3-SNAPSHOT INFO Creating new session...
06.23.2020 11:36:57.599,[1] Sauron-3.0.3-SNAPSHOT INFO Closing the session : default
06.23.2020 11:36:57.610,[1] Sauron-3.0.3-SNAPSHOT INFO Creating new session...
06.23.2020 11:36:57.641,[1] Sauron-3.0.3-SNAPSHOT INFO Closing the session : default
06.23.2020 11:41:34.150,[1] Sauron-3.0.3-SNAPSHOT INFO Runtime Report : E:\TrelloCucumber\test-output\RuntimeReporter\index.html
06.23.2020 11:41:34.330,[1] Sauron-3.0.3-SNAPSHOT INFO JDK Information: Java HotSpot(TM) 64-Bit Server VM from Oracle Corporation ver. 1.8.0_241
06.23.2020 11:41:34.351,[1] Sauron-3.0.3-SNAPSHOT FINE Parallel suite execution. Updating Sauron local config for Test, TrelloCucumber
06.23.2020 11:41:34.459,[1] Sauron-3.0.3-SNAPSHOT INFO Test method level @WebTest, @MobileTest or @SauronTest missing, skipping session creation.
06.23.2020 11:41:35.474,[1] Sauron-3.0.3-SNAPSHOT INFO Creating new session...
06.23.2020 11:42:11.553,[1] Sauron-3.0.3-SNAPSHOT INFO Closing the session : default
06.23.2020 11:42:11.566,[1] Sauron-3.0.3-SNAPSHOT INFO Creating new session...
06.23.2020 11:42:11.590,[1] Sauron-3.0.3-SNAPSHOT INFO Closing the session : default
06.23.2020 11:47:59.544,[1] Sauron-3.0.3-SNAPSHOT INFO Runtime Report : E:\TrelloCucumber\test-output\RuntimeReporter\index.html
06.23.2020 11:47:59.876,[1] Sauron-3.0.3-SNAPSHOT INFO JDK Information: Java HotSpot(TM) 64-Bit Server VM from Oracle Corporation ver. 1.8.0_241
06.23.2020 11:47:59.902,[1] Sauron-3.0.3-SNAPSHOT FINE Parallel suite execution. Updating Sauron local config for Test, TrelloCucumber
06.23.2020 11:47:59.996,[1] Sauron-3.0.3-SNAPSHOT INFO Test method level @WebTest, @MobileTest or @SauronTest missing, skipping session creation.
06.23.2020 11:48:00.844,[1] Sauron-3.0.3-SNAPSHOT INFO Creating new session...
06.23.2020 11:48:51.873,[1] Sauron-3.0.3-SNAPSHOT INFO Closing the session : default
06.23.2020 11:48:51.883,[1] Sauron-3.0.3-SNAPSHOT INFO Creating new session...
06.23.2020 11:48:51.905,[1] Sauron-3.0.3-SNAPSHOT INFO Closing the session : default
06.23.2020 11:51:12.604,[1] Sauron-3.0.3-SNAPSHOT INFO Runtime Report : E:\TrelloCucumber\test-output\RuntimeReporter\index.html
06.23.2020 11:51:12.938,[1] Sauron-3.0.3-SNAPSHOT INFO JDK Information: Java HotSpot(TM) 64-Bit Server VM from Oracle Corporation ver. 1.8.0_241
06.23.2020 11:51:12.957,[1] Sauron-3.0.3-SNAPSHOT FINE Parallel suite execution. Updating Sauron local config for Test, TrelloCucumber
06.23.2020 11:51:13.065,[1] Sauron-3.0.3-SNAPSHOT INFO Test method level @WebTest, @MobileTest or @SauronTest missing, skipping session creation.
06.23.2020 11:51:14.092,[1] Sauron-3.0.3-SNAPSHOT INFO Creating new session...
06.23.2020 11:52:25.054,[1] Sauron-3.0.3-SNAPSHOT INFO Closing the session : default
06.23.2020 11:52:25.143,[1] Sauron-3.0.3-SNAPSHOT INFO Creating new session...
06.23.2020 11:52:25.169,[1] Sauron-3.0.3-SNAPSHOT INFO Closing the session : default
06.23.2020 11:53:42.834,[1] Sauron-3.0.3-SNAPSHOT INFO Runtime Report : E:\TrelloCucumber\test-output\RuntimeReporter\index.html
06.23.2020 11:53:43.044,[1] Sauron-3.0.3-SNAPSHOT INFO JDK Information: Java HotSpot(TM) 64-Bit Server VM from Oracle Corporation ver. 1.8.0_241
06.23.2020 11:53:43.062,[1] Sauron-3.0.3-SNAPSHOT FINE Parallel suite execution. Updating Sauron local config for Test, TrelloCucumber
06.23.2020 11:53:43.151,[1] Sauron-3.0.3-SNAPSHOT INFO Test method level @WebTest, @MobileTest or @SauronTest missing, skipping session creation.
06.23.2020 11:53:44.050,[1] Sauron-3.0.3-SNAPSHOT INFO Creating new session...
06.23.2020 11:54:27.345,[1] Sauron-3.0.3-SNAPSHOT INFO Closing the session : default
06.23.2020 11:54:27.377,[1] Sauron-3.0.3-SNAPSHOT INFO Creating new session...
06.23.2020 11:54:27.403,[1] Sauron-3.0.3-SNAPSHOT INFO Closing the session : default
06.30.2020 19:31:38.737,[1] Sauron-3.0.3-SNAPSHOT INFO Runtime Report : E:\TrelloCucumber\test-output\RuntimeReporter\index.html
06.30.2020 19:31:39.229,[1] Sauron-3.0.3-SNAPSHOT INFO JDK Information: Java HotSpot(TM) 64-Bit Server VM from Oracle Corporation ver. 1.8.0_241
06.30.2020 19:31:39.241,[1] Sauron-3.0.3-SNAPSHOT FINE Parallel suite execution. Updating Sauron local config for Test, TrelloCucumber
06.30.2020 19:31:39.335,[1] Sauron-3.0.3-SNAPSHOT INFO Test method level @WebTest, @MobileTest or @SauronTest missing, skipping session creation.
06.30.2020 19:31:40.202,[1] Sauron-3.0.3-SNAPSHOT INFO Creating new session...
06.30.2020 19:33:40.578,[1] Sauron-3.0.3-SNAPSHOT INFO Closing the session : default
06.30.2020 19:33:40.603,[1] Sauron-3.0.3-SNAPSHOT INFO Creating new session...
06.30.2020 19:33:40.771,[1] Sauron-3.0.3-SNAPSHOT INFO Closing the session : default
06.30.2020 20:15:35.093,[1] Sauron-3.0.3-SNAPSHOT INFO Runtime Report : E:\TrelloCucumber\test-output\RuntimeReporter\index.html
06.30.2020 20:15:35.236,[1] Sauron-3.0.3-SNAPSHOT INFO JDK Information: Java HotSpot(TM) 64-Bit Server VM from Oracle Corporation ver. 1.8.0_241
06.30.2020 20:15:35.247,[1] Sauron-3.0.3-SNAPSHOT FINE Parallel suite execution. Updating Sauron local config for Test, TrelloCucumber
06.30.2020 20:15:35.425,[1] Sauron-3.0.3-SNAPSHOT INFO Test method level @WebTest, @MobileTest or @SauronTest missing, skipping session creation.
06.30.2020 20:15:35.969,[1] Sauron-3.0.3-SNAPSHOT INFO Creating new session...
06.30.2020 20:15:36.012,[1] Sauron-3.0.3-SNAPSHOT INFO Closing the session : default
06.30.2020 20:15:36.029,[1] Sauron-3.0.3-SNAPSHOT INFO Creating new session...
06.30.2020 20:15:36.043,[1] Sauron-3.0.3-SNAPSHOT INFO Closing the session : default
07.07.2020 18:10:13.867,[1] Sauron-3.0.3-SNAPSHOT INFO Runtime Report : E:\TrelloCucumber\test-output\RuntimeReporter\index.html
07.07.2020 18:10:14.217,[1] Sauron-3.0.3-SNAPSHOT INFO JDK Information: Java HotSpot(TM) 64-Bit Server VM from Oracle Corporation ver. 1.8.0_241
07.07.2020 18:10:14.232,[1] Sauron-3.0.3-SNAPSHOT FINE Parallel suite execution. Updating Sauron local config for Test, TrelloCucumber
07.07.2020 18:10:14.329,[1] Sauron-3.0.3-SNAPSHOT INFO Test method level @WebTest, @MobileTest or @SauronTest missing, skipping session creation.
07.07.2020 18:10:15.241,[1] Sauron-3.0.3-SNAPSHOT INFO Creating new session...
07.07.2020 18:10:15.471,[1] Sauron-3.0.3-SNAPSHOT INFO Closing the session : default
07.07.2020 18:10:15.488,[1] Sauron-3.0.3-SNAPSHOT INFO Creating new session...
07.07.2020 18:10:15.497,[1] Sauron-3.0.3-SNAPSHOT INFO Closing the session : default
07.07.2020 18:12:47.649,[1] Sauron-3.0.3-SNAPSHOT INFO Runtime Report : E:\TrelloCucumber\test-output\RuntimeReporter\index.html
07.07.2020 18:12:47.833,[1] Sauron-3.0.3-SNAPSHOT INFO JDK Information: Java HotSpot(TM) 64-Bit Server VM from Oracle Corporation ver. 1.8.0_241
07.07.2020 18:12:47.846,[1] Sauron-3.0.3-SNAPSHOT FINE Parallel suite execution. Updating Sauron local config for Test, TrelloCucumber
07.07.2020 18:12:47.941,[1] Sauron-3.0.3-SNAPSHOT INFO Test method level @WebTest, @MobileTest or @SauronTest missing, skipping session creation.
07.07.2020 18:12:48.537,[1] Sauron-3.0.3-SNAPSHOT INFO Creating new session...
07.07.2020 18:12:48.593,[1] Sauron-3.0.3-SNAPSHOT INFO Closing the session : default
07.07.2020 18:12:48.605,[1] Sauron-3.0.3-SNAPSHOT INFO Creating new session...
07.07.2020 18:12:48.620,[1] Sauron-3.0.3-SNAPSHOT INFO Closing the session : default
07.07.2020 18:15:18.140,[1] Sauron-3.0.3-SNAPSHOT INFO Runtime Report : E:\TrelloCucumber\test-output\RuntimeReporter\index.html
07.07.2020 18:15:18.316,[1] Sauron-3.0.3-SNAPSHOT INFO JDK Information: Java HotSpot(TM) 64-Bit Server VM from Oracle Corporation ver. 1.8.0_241
07.07.2020 18:15:18.328,[1] Sauron-3.0.3-SNAPSHOT FINE Parallel suite execution. Updating Sauron local config for Test, TrelloCucumber
07.07.2020 18:15:18.406,[1] Sauron-3.0.3-SNAPSHOT INFO Test method level @WebTest, @MobileTest or @SauronTest missing, skipping session creation.
07.07.2020 18:15:19.033,[1] Sauron-3.0.3-SNAPSHOT INFO Creating new session...
07.07.2020 18:15:19.086,[1] Sauron-3.0.3-SNAPSHOT INFO Closing the session : default
07.07.2020 18:15:19.098,[1] Sauron-3.0.3-SNAPSHOT INFO Creating new session...
07.07.2020 18:15:19.108,[1] Sauron-3.0.3-SNAPSHOT INFO Closing the session : default
